<?xml version="1.0" encoding="utf-8"?><testsuites name="pytest tests"><testsuite name="pytest" errors="0" failures="0" skipped="0" tests="38" time="4.411" timestamp="2026-01-24T09:58:43.049623+00:00" hostname="agent-env-c8362232-772a-4a1b-89c6-4f3ec9c83daf"><testcase classname="backend.tests.test_admin_dashboard.TestAdminStats" name="test_admin_stats_returns_200" time="0.084" /><testcase classname="backend.tests.test_admin_dashboard.TestAdminStats" name="test_admin_stats_structure" time="0.039" /><testcase classname="backend.tests.test_admin_dashboard.TestAdminFinancial" name="test_financial_default_period" time="0.074" /><testcase classname="backend.tests.test_admin_dashboard.TestAdminFinancial" name="test_financial_day_period" time="0.037" /><testcase classname="backend.tests.test_admin_dashboard.TestAdminFinancial" name="test_financial_week_period" time="0.041" /><testcase classname="backend.tests.test_admin_dashboard.TestAdminFinancial" name="test_financial_year_period" time="0.044" /><testcase classname="backend.tests.test_admin_dashboard.TestAdminFinancial" name="test_financial_response_structure" time="0.079" /><testcase classname="backend.tests.test_admin_dashboard.TestAdminFinancial" name="test_financial_daily_revenue_structure" time="0.041" /><testcase classname="backend.tests.test_admin_dashboard.TestAdminFinancial" name="test_financial_payment_status_structure" time="0.078" /><testcase classname="backend.tests.test_admin_dashboard.TestAdminMarketing" name="test_marketing_returns_200" time="0.034" /><testcase classname="backend.tests.test_admin_dashboard.TestAdminMarketing" name="test_marketing_response_structure" time="0.081" /><testcase classname="backend.tests.test_admin_dashboard.TestAdminMarketing" name="test_marketing_emergency_vs_regular" time="0.035" /><testcase classname="backend.tests.test_admin_dashboard.TestAdminMarketing" name="test_marketing_service_performance" time="0.037" /><testcase classname="backend.tests.test_admin_dashboard.TestAdminMarketing" name="test_marketing_top_cities" time="0.031" /><testcase classname="backend.tests.test_admin_dashboard.TestAdminExportCSV" name="test_export_csv_returns_200" time="0.040" /><testcase classname="backend.tests.test_admin_dashboard.TestAdminExportCSV" name="test_export_csv_content_type" time="0.044" /><testcase classname="backend.tests.test_admin_dashboard.TestAdminExportCSV" name="test_export_csv_has_headers" time="0.048" /><testcase classname="backend.tests.test_admin_dashboard.TestAdminExportCSV" name="test_export_csv_content_disposition" time="0.032" /><testcase classname="backend.tests.test_admin_dashboard.TestAdminBookings" name="test_admin_bookings_returns_200" time="0.032" /><testcase classname="backend.tests.test_admin_dashboard.TestAdminBookings" name="test_admin_bookings_is_list" time="0.037" /><testcase classname="backend.tests.test_admin_dashboard.TestAdminBookings" name="test_admin_bookings_structure" time="0.035" /><testcase classname="backend.tests.test_admin_dashboard.TestAdminVakmannen" name="test_admin_vakmannen_returns_200" time="0.032" /><testcase classname="backend.tests.test_admin_dashboard.TestAdminVakmannen" name="test_admin_vakmannen_is_list" time="0.036" /><testcase classname="backend.tests.test_admin_dashboard.TestAdminVakmannen" name="test_admin_vakmannen_no_password" time="0.038" /><testcase classname="backend.tests.test_vakman_dashboard.TestVakmanAuth" name="test_vakman_login_success" time="0.300" /><testcase classname="backend.tests.test_vakman_dashboard.TestVakmanAuth" name="test_vakman_login_invalid_password" time="0.257" /><testcase classname="backend.tests.test_vakman_dashboard.TestVakmanAuth" name="test_vakman_login_invalid_email" time="0.035" /><testcase classname="backend.tests.test_vakman_dashboard.TestVakmanDashboard" name="test_dashboard_requires_auth" time="0.034" /><testcase classname="backend.tests.test_vakman_dashboard.TestVakmanDashboard" name="test_dashboard_returns_200_with_auth" time="0.295" /><testcase classname="backend.tests.test_vakman_dashboard.TestVakmanDashboard" name="test_dashboard_response_structure" time="0.292" /><testcase classname="backend.tests.test_vakman_dashboard.TestVakmanDashboard" name="test_dashboard_vakman_info" time="0.338" /><testcase classname="backend.tests.test_vakman_dashboard.TestVakmanDashboard" name="test_dashboard_stats_structure" time="0.294" /><testcase classname="backend.tests.test_vakman_dashboard.TestVakmanDashboard" name="test_dashboard_bookings_is_list" time="0.292" /><testcase classname="backend.tests.test_vakman_dashboard.TestVakmanAvailability" name="test_availability_requires_auth" time="0.031" /><testcase classname="backend.tests.test_vakman_dashboard.TestVakmanAvailability" name="test_availability_toggle_on" time="0.324" /><testcase classname="backend.tests.test_vakman_dashboard.TestVakmanAvailability" name="test_availability_toggle_off" time="0.352" /><testcase classname="backend.tests.test_vakman_dashboard.TestVakmanAuthMe" name="test_auth_me_requires_auth" time="0.034" /><testcase classname="backend.tests.test_vakman_dashboard.TestVakmanAuthMe" name="test_auth_me_returns_vakman_info" time="0.286" /></testsuite></testsuites>