<?xml version="1.0" encoding="utf-8"?><testsuites name="pytest tests"><testsuite name="pytest" errors="0" failures="0" skipped="0" tests="10" time="18.936" timestamp="2026-01-24T23:20:34.781875+00:00" hostname="agent-env-e1fa15aa-3b7b-4528-a106-7214fa0e1b28"><testcase classname="backend.tests.test_admin_assign_booking.TestBookingWithoutVakman" name="test_create_booking_no_vakman_id" time="2.376" /><testcase classname="backend.tests.test_admin_assign_booking.TestBookingWithoutVakman" name="test_create_emergency_booking_no_vakman_id" time="2.165" /><testcase classname="backend.tests.test_admin_assign_booking.TestAdminAssignEndpoint" name="test_assign_requires_admin_auth" time="2.290" /><testcase classname="backend.tests.test_admin_assign_booking.TestAdminAssignEndpoint" name="test_assign_requires_admin_role" time="2.524" /><testcase classname="backend.tests.test_admin_assign_booking.TestAdminAssignEndpoint" name="test_assign_booking_to_vakman_success" time="3.749" /><testcase classname="backend.tests.test_admin_assign_booking.TestAdminAssignEndpoint" name="test_assign_nonexistent_booking" time="0.342" /><testcase classname="backend.tests.test_admin_assign_booking.TestAdminAssignEndpoint" name="test_assign_nonexistent_vakman" time="2.561" /><testcase classname="backend.tests.test_admin_assign_booking.TestAdminDashboardBookingsView" name="test_admin_bookings_includes_vakman_info" time="0.345" /><testcase classname="backend.tests.test_admin_assign_booking.TestAdminDashboardBookingsView" name="test_admin_vakmannen_for_assignment" time="0.298" /><testcase classname="backend.tests.test_admin_assign_booking.TestBookingFlowSteps" name="test_booking_endpoint_accepts_minimal_data" time="2.232" /></testsuite></testsuites>