<?xml version="1.0" encoding="utf-8"?><testsuites name="pytest tests"><testsuite name="pytest" errors="0" failures="0" skipped="0" tests="22" time="10.093" timestamp="2026-01-24T22:59:39.670365+00:00" hostname="agent-env-e1fa15aa-3b7b-4528-a106-7214fa0e1b28"><testcase classname="backend.tests.test_kies_monteur_admin_security.TestKiesMonteurFeature" name="test_get_available_vakmannen_elektricien" time="0.054" /><testcase classname="backend.tests.test_kies_monteur_admin_security.TestKiesMonteurFeature" name="test_get_available_vakmannen_loodgieter" time="0.041" /><testcase classname="backend.tests.test_kies_monteur_admin_security.TestKiesMonteurFeature" name="test_get_available_vakmannen_slotenmaker" time="0.043" /><testcase classname="backend.tests.test_kies_monteur_admin_security.TestKiesMonteurFeature" name="test_create_booking_with_assigned_vakman" time="3.824" /><testcase classname="backend.tests.test_kies_monteur_admin_security.TestKiesMonteurFeature" name="test_create_booking_without_assigned_vakman" time="2.464" /><testcase classname="backend.tests.test_kies_monteur_admin_security.TestAdminSecurityNoAuth" name="test_admin_bookings_no_auth" time="0.053" /><testcase classname="backend.tests.test_kies_monteur_admin_security.TestAdminSecurityNoAuth" name="test_admin_vakmannen_no_auth" time="0.040" /><testcase classname="backend.tests.test_kies_monteur_admin_security.TestAdminSecurityNoAuth" name="test_admin_reviews_no_auth" time="0.036" /><testcase classname="backend.tests.test_kies_monteur_admin_security.TestAdminSecurityNoAuth" name="test_admin_stats_no_auth" time="0.038" /><testcase classname="backend.tests.test_kies_monteur_admin_security.TestAdminSecurityNoAuth" name="test_admin_financial_no_auth" time="0.038" /><testcase classname="backend.tests.test_kies_monteur_admin_security.TestAdminSecurityNoAuth" name="test_admin_marketing_no_auth" time="0.076" /><testcase classname="backend.tests.test_kies_monteur_admin_security.TestAdminSecurityNonAdminToken" name="test_admin_bookings_non_admin" time="0.305" /><testcase classname="backend.tests.test_kies_monteur_admin_security.TestAdminSecurityNonAdminToken" name="test_admin_vakmannen_non_admin" time="0.301" /><testcase classname="backend.tests.test_kies_monteur_admin_security.TestAdminSecurityNonAdminToken" name="test_admin_stats_non_admin" time="0.293" /><testcase classname="backend.tests.test_kies_monteur_admin_security.TestAdminSecurityNonAdminToken" name="test_admin_financial_non_admin" time="0.346" /><testcase classname="backend.tests.test_kies_monteur_admin_security.TestAdminSecurityNonAdminToken" name="test_admin_approve_vakman_non_admin" time="0.295" /><testcase classname="backend.tests.test_kies_monteur_admin_security.TestAdminSecurityWithAdminToken" name="test_admin_bookings_with_admin" time="0.300" /><testcase classname="backend.tests.test_kies_monteur_admin_security.TestAdminSecurityWithAdminToken" name="test_admin_vakmannen_with_admin" time="0.295" /><testcase classname="backend.tests.test_kies_monteur_admin_security.TestAdminSecurityWithAdminToken" name="test_admin_reviews_with_admin" time="0.293" /><testcase classname="backend.tests.test_kies_monteur_admin_security.TestAdminSecurityWithAdminToken" name="test_admin_stats_with_admin" time="0.300" /><testcase classname="backend.tests.test_kies_monteur_admin_security.TestAdminSecurityWithAdminToken" name="test_admin_financial_with_admin" time="0.303" /><testcase classname="backend.tests.test_kies_monteur_admin_security.TestAdminSecurityWithAdminToken" name="test_admin_marketing_with_admin" time="0.297" /></testsuite></testsuites>